Using pre-set license
Built from '2020.3/release' branch; Version is '2020.3.31f1 (6b54b7616050) revision 7034039'; Using compiler version '192528614'; Build Type 'Release'
OS: 'Windows 10  (10.0.19042) 64bit Core' Language: 'en' Physical Memory: 8076 MB
BatchMode: 1, IsHumanControllingUs: 0, StartBugReporterOnCrash: 0, Is64bit: 1, IsPro: 0

COMMAND LINE ARGUMENTS:
C:\Program Files\Unity\Hub\Editor\2020.3.31f1\Editor\Unity.exe
-adb2
-batchMode
-noUpm
-name
AssetImportWorker0
-projectPath
C:/Users/baris/Unity/unitytd
-logFile
Logs/AssetImportWorker0.log
-srvPort
54321
Successfully changed project path to: C:/Users/baris/Unity/unitytd
C:/Users/baris/Unity/unitytd
Using Asset Import Pipeline V2.
Refreshing native plugins compatible for Editor in 100.40 ms, found 2 plugins.
Preloading 0 native plugins for Editor in 0.00 ms.
Initialize engine version: 2020.3.31f1 (6b54b7616050)
[Subsystems] Discovering subsystems at path C:/Program Files/Unity/Hub/Editor/2020.3.31f1/Editor/Data/Resources/UnitySubsystems
[Subsystems] Discovering subsystems at path C:/Users/baris/Unity/unitytd/Assets
GfxDevice: creating device client; threaded=0
Direct3D:
    Version:  Direct3D 11.0 [level 11.1]
    Renderer: Intel(R) HD Graphics 615 (ID=0x591e)
    Vendor:   
    VRAM:     4038 MB
    Driver:   27.20.100.8681
Initialize mono
Mono path[0] = 'C:/Program Files/Unity/Hub/Editor/2020.3.31f1/Editor/Data/Managed'
Mono path[1] = 'C:/Program Files/Unity/Hub/Editor/2020.3.31f1/Editor/Data/MonoBleedingEdge/lib/mono/unityjit'
Mono config path = 'C:/Program Files/Unity/Hub/Editor/2020.3.31f1/Editor/Data/MonoBleedingEdge/etc'
Using monoOptions --debugger-agent=transport=dt_socket,embedding=1,server=y,suspend=n,address=127.0.0.1:56708
Begin MonoManager ReloadAssembly
Registering precompiled unity dll's ...
Register platform support module: C:/Program Files/Unity/Hub/Editor/2020.3.31f1/Editor/Data/PlaybackEngines/WebGLSupport/UnityEditor.WebGL.Extensions.dll
Register platform support module: C:/Program Files/Unity/Hub/Editor/2020.3.31f1/Editor/Data/PlaybackEngines/WindowsStandaloneSupport/UnityEditor.WindowsStandalone.Extensions.dll
Registered in 0.015114 seconds.
Native extension for WindowsStandalone target not found
Native extension for WebGL target not found
Refreshing native plugins compatible for Editor in 146.80 ms, found 2 plugins.
Preloading 0 native plugins for Editor in 0.00 ms.
Mono: successfully reloaded assembly
- Completed reload, in  2.968 seconds
Domain Reload Profiling:
	ReloadAssembly (2968ms)
		BeginReloadAssembly (409ms)
			ExecutionOrderSort (0ms)
			DisableScriptedObjects (0ms)
			BackupInstance (0ms)
			ReleaseScriptingObjects (0ms)
			CreateAndSetChildDomain (4ms)
		EndReloadAssembly (2131ms)
			LoadAssemblies (397ms)
			RebuildTransferFunctionScriptingTraits (0ms)
			SetupTypeCache (762ms)
			ReleaseScriptCaches (0ms)
			RebuildScriptCaches (180ms)
			SetupLoadedEditorAssemblies (711ms)
				LogAssemblyErrors (0ms)
				InitializePlatformSupportModulesInManaged (25ms)
				SetLoadedEditorAssemblies (1ms)
				RefreshPlugins (147ms)
				BeforeProcessingInitializeOnLoad (34ms)
				ProcessInitializeOnLoadAttributes (383ms)
				ProcessInitializeOnLoadMethodAttributes (121ms)
				AfterProcessingInitializeOnLoad (0ms)
				EditorAssembliesLoaded (1ms)
			ExecutionOrderSort2 (0ms)
			AwakeInstancesAfterBackupRestoration (0ms)
Platform modules already initialized, skipping
Registering precompiled user dll's ...
Registered in 0.012556 seconds.
Begin MonoManager ReloadAssembly
Native extension for WindowsStandalone target not found
Native extension for WebGL target not found
Refreshing native plugins compatible for Editor in 0.67 ms, found 2 plugins.
Preloading 0 native plugins for Editor in 0.00 ms.
Mono: successfully reloaded assembly
- Completed reload, in  3.082 seconds
Domain Reload Profiling:
	ReloadAssembly (3085ms)
		BeginReloadAssembly (534ms)
			ExecutionOrderSort (0ms)
			DisableScriptedObjects (23ms)
			BackupInstance (0ms)
			ReleaseScriptingObjects (0ms)
			CreateAndSetChildDomain (49ms)
		EndReloadAssembly (2376ms)
			LoadAssemblies (264ms)
			RebuildTransferFunctionScriptingTraits (0ms)
			SetupTypeCache (833ms)
			ReleaseScriptCaches (1ms)
			RebuildScriptCaches (126ms)
			SetupLoadedEditorAssemblies (884ms)
				LogAssemblyErrors (0ms)
				InitializePlatformSupportModulesInManaged (16ms)
				SetLoadedEditorAssemblies (2ms)
				RefreshPlugins (1ms)
				BeforeProcessingInitializeOnLoad (160ms)
				ProcessInitializeOnLoadAttributes (630ms)
				ProcessInitializeOnLoadMethodAttributes (55ms)
				AfterProcessingInitializeOnLoad (21ms)
				EditorAssembliesLoaded (1ms)
			ExecutionOrderSort2 (0ms)
			AwakeInstancesAfterBackupRestoration (20ms)
Platform modules already initialized, skipping
========================================================================
Worker process is ready to serve import requests
Launched and connected shader compiler UnityShaderCompiler.exe after 0.26 seconds
Refreshing native plugins compatible for Editor in 0.70 ms, found 2 plugins.
Preloading 0 native plugins for Editor in 0.00 ms.
Unloading 1523 Unused Serialized files (Serialized files now loaded: 0)
System memory in use before: 72.3 MB.
System memory in use after: 72.4 MB.

Unloading 16 unused Assets to reduce memory usage. Loaded Objects now: 1959.
Total: 6.552300 ms (FindLiveObjects: 0.297300 ms CreateObjectMapping: 0.122700 ms MarkObjects: 5.962900 ms  DeleteObjects: 0.166700 ms)

AssetImportParameters requested are different than current active one (requested -> active):
  custom:framework-win-MediaFoundation: 216162199b28c13a410421893ffa2e32 -> 
  custom:video-decoder-ogg-theora: a1e56fd34408186e4bbccfd4996cb3dc -> 
  custom:container-muxer-webm: aa71ff27fc2769a1b78a27578f13a17b -> 
  custom:container-demuxer-webm: 4f35f7cbe854078d1ac9338744f61a02 -> 
  custom:container-demuxer-ogg: 62fdf1f143b41e24485cea50d1cbac27 -> 
  custom:video-encoder-webm-vp8: eb34c28f22e8b96e1ab97ce403110664 -> 
  custom:video-codec-MediaFoundation-h265: 746d11721c4dcdbdad8f713fa42b33f4 -> 
  custom:video-decoder-webm-vp8: 9c59270c3fd7afecdb556c50c9e8de78 -> 
  custom:audio-decoder-ogg-vorbis: bf7c407c2cedff20999df2af8eb42d56 -> 
  custom:audio-encoder-webm-vorbis: bf7c407c2cedff20999df2af8eb42d56 -> 
========================================================================
Received Import Request.
  path: Assets/Tile.prefab
  artifactKey: Guid(68aed901f38ec1445847635bb65fb5ae) Importer(815301076,1909f56bfc062723c751e8b465ee728b)
Start importing Assets/Tile.prefab using Guid(68aed901f38ec1445847635bb65fb5ae) Importer(815301076,1909f56bfc062723c751e8b465ee728b)  -> (artifact id: '1e6dfe68bcee8c56957bc0b4b05eea93') in 0.477195 seconds 
========================================================================
Received Import Request.
  Time since last request: 0.000577 seconds.
  path: Assets/EnemyMaterial.mat
  artifactKey: Guid(ba8a176163d610242b1dde9f41bef66f) Importer(815301076,1909f56bfc062723c751e8b465ee728b)
Start importing Assets/EnemyMaterial.mat using Guid(ba8a176163d610242b1dde9f41bef66f) Importer(815301076,1909f56bfc062723c751e8b465ee728b)  -> (artifact id: '9022ff9659dbed70107c7965c7236491') in 0.433805 seconds 
========================================================================
Received Import Request.
  Time since last request: 0.000512 seconds.
  path: Assets/Tile RoadCorner.prefab
  artifactKey: Guid(cfde37ea0d2e2a644bec4319af42bd5b) Importer(815301076,1909f56bfc062723c751e8b465ee728b)
Start importing Assets/Tile RoadCorner.prefab using Guid(cfde37ea0d2e2a644bec4319af42bd5b) Importer(815301076,1909f56bfc062723c751e8b465ee728b)  -> (artifact id: '2fd5cfaecde682987563a50c22d6904e') in 0.159167 seconds 
========================================================================
Received Import Request.
  Time since last request: 0.000516 seconds.
  path: Assets/Tile RoadStraightVertical.prefab
  artifactKey: Guid(e3872889d38d0d446acac73a587cdb18) Importer(815301076,1909f56bfc062723c751e8b465ee728b)
Start importing Assets/Tile RoadStraightVertical.prefab using Guid(e3872889d38d0d446acac73a587cdb18) Importer(815301076,1909f56bfc062723c751e8b465ee728b)  -> (artifact id: '5b6e561ec23ed4f6bd347049bcda1061') in 0.146338 seconds 
========================================================================
Received Import Request.
  Time since last request: 0.000511 seconds.
  path: Assets/Tile RoadCorner270.prefab
  artifactKey: Guid(bfd9e0a1edb57b74181f3711c3e4d527) Importer(815301076,1909f56bfc062723c751e8b465ee728b)
Start importing Assets/Tile RoadCorner270.prefab using Guid(bfd9e0a1edb57b74181f3711c3e4d527) Importer(815301076,1909f56bfc062723c751e8b465ee728b)  -> (artifact id: 'cbfd4e6283dfd88ca2f79e316fff4c04') in 0.143104 seconds 
========================================================================
Received Import Request.
  Time since last request: 0.000541 seconds.
  path: Assets/Tile RoadCorner180.prefab
  artifactKey: Guid(75888b650bb1d2f48ab9d788ace01c6e) Importer(815301076,1909f56bfc062723c751e8b465ee728b)
Start importing Assets/Tile RoadCorner180.prefab using Guid(75888b650bb1d2f48ab9d788ace01c6e) Importer(815301076,1909f56bfc062723c751e8b465ee728b)  -> (artifact id: '46f57a33b349afe9e8bed2fc70421ae7') in 0.146847 seconds 
========================================================================
Received Import Request.
  Time since last request: 0.000535 seconds.
  path: Assets/Ballista.prefab
  artifactKey: Guid(8a965e088bae16643aab3d07ccfd5e2e) Importer(815301076,1909f56bfc062723c751e8b465ee728b)
Start importing Assets/Ballista.prefab using Guid(8a965e088bae16643aab3d07ccfd5e2e) Importer(815301076,1909f56bfc062723c751e8b465ee728b)  -> (artifact id: 'a2f00e1139b06ab5567e1a6dcdd29e67') in 0.074618 seconds 
========================================================================
Received Import Request.
  Time since last request: 0.000481 seconds.
  path: Assets/Tile RoadCorner90.prefab
  artifactKey: Guid(26a18096d4b44c94ca8cc9e5cd58c5ab) Importer(815301076,1909f56bfc062723c751e8b465ee728b)
Start importing Assets/Tile RoadCorner90.prefab using Guid(26a18096d4b44c94ca8cc9e5cd58c5ab) Importer(815301076,1909f56bfc062723c751e8b465ee728b)  -> (artifact id: 'c0926889e33a77918c9da83573985a1a') in 0.161107 seconds 
========================================================================
Received Import Request.
  Time since last request: 0.000510 seconds.
  path: Assets/TileMaterial.mat
  artifactKey: Guid(f2e73c1e9e7ec2045bceb35af9ae8cc0) Importer(815301076,1909f56bfc062723c751e8b465ee728b)
Start importing Assets/TileMaterial.mat using Guid(f2e73c1e9e7ec2045bceb35af9ae8cc0) Importer(815301076,1909f56bfc062723c751e8b465ee728b)  -> (artifact id: '7b2c346d127882f815b32c86e8a4d137') in 0.058720 seconds 
========================================================================
Received Import Request.
  Time since last request: 0.000499 seconds.
  path: Assets/Ram.prefab
  artifactKey: Guid(b940df629b09f434dbb9fd487257db6c) Importer(815301076,1909f56bfc062723c751e8b465ee728b)
Start importing Assets/Ram.prefab using Guid(b940df629b09f434dbb9fd487257db6c) Importer(815301076,1909f56bfc062723c751e8b465ee728b)  -> (artifact id: '7f1db1efc69a165c148af5f5e5f25e4c') in 0.084878 seconds 
========================================================================
Received Import Request.
  Time since last request: 0.000476 seconds.
  path: Assets/Tile RoadStraightHorizontal.prefab
  artifactKey: Guid(aafd3d0c62e0f784c984774234334c89) Importer(815301076,1909f56bfc062723c751e8b465ee728b)
Start importing Assets/Tile RoadStraightHorizontal.prefab using Guid(aafd3d0c62e0f784c984774234334c89) Importer(815301076,1909f56bfc062723c751e8b465ee728b)  -> (artifact id: '87f71545cae2a524b41a06a78d66042a') in 0.161326 seconds 
AssetImportWorkerClient::OnTransportError - code=2 error=End of file
