Using pre-set license
Built from '2020.3/release' branch; Version is '2020.3.31f1 (6b54b7616050) revision 7034039'; Using compiler version '192528614'; Build Type 'Release'
OS: 'Windows 10  (10.0.19044) 64bit Core' Language: 'en' Physical Memory: 8076 MB
BatchMode: 1, IsHumanControllingUs: 0, StartBugReporterOnCrash: 0, Is64bit: 1, IsPro: 0

COMMAND LINE ARGUMENTS:
C:\Program Files\Unity\Hub\Editor\2020.3.31f1\Editor\Unity.exe
-adb2
-batchMode
-noUpm
-name
AssetImportWorker0
-projectPath
C:/Users/baris/Unity/unitytd
-logFile
Logs/AssetImportWorker0.log
-srvPort
64615
Successfully changed project path to: C:/Users/baris/Unity/unitytd
C:/Users/baris/Unity/unitytd
Using Asset Import Pipeline V2.
Refreshing native plugins compatible for Editor in 460.28 ms, found 2 plugins.
Preloading 0 native plugins for Editor in 0.00 ms.
Initialize engine version: 2020.3.31f1 (6b54b7616050)
[Subsystems] Discovering subsystems at path C:/Program Files/Unity/Hub/Editor/2020.3.31f1/Editor/Data/Resources/UnitySubsystems
[Subsystems] Discovering subsystems at path C:/Users/baris/Unity/unitytd/Assets
GfxDevice: creating device client; threaded=0
Direct3D:
    Version:  Direct3D 11.0 [level 11.1]
    Renderer: Intel(R) HD Graphics 615 (ID=0x591e)
    Vendor:   
    VRAM:     4038 MB
    Driver:   27.20.100.8681
Initialize mono
Mono path[0] = 'C:/Program Files/Unity/Hub/Editor/2020.3.31f1/Editor/Data/Managed'
Mono path[1] = 'C:/Program Files/Unity/Hub/Editor/2020.3.31f1/Editor/Data/MonoBleedingEdge/lib/mono/unityjit'
Mono config path = 'C:/Program Files/Unity/Hub/Editor/2020.3.31f1/Editor/Data/MonoBleedingEdge/etc'
Using monoOptions --debugger-agent=transport=dt_socket,embedding=1,server=y,suspend=n,address=127.0.0.1:56484
Begin MonoManager ReloadAssembly
Registering precompiled unity dll's ...
Register platform support module: C:/Program Files/Unity/Hub/Editor/2020.3.31f1/Editor/Data/PlaybackEngines/WebGLSupport/UnityEditor.WebGL.Extensions.dll
Register platform support module: C:/Program Files/Unity/Hub/Editor/2020.3.31f1/Editor/Data/PlaybackEngines/WindowsStandaloneSupport/UnityEditor.WindowsStandalone.Extensions.dll
Registered in 0.008113 seconds.
Native extension for WindowsStandalone target not found
Native extension for WebGL target not found
Refreshing native plugins compatible for Editor in 136.89 ms, found 2 plugins.
Preloading 0 native plugins for Editor in 0.00 ms.
Mono: successfully reloaded assembly
- Completed reload, in  2.677 seconds
Domain Reload Profiling:
	ReloadAssembly (2678ms)
		BeginReloadAssembly (250ms)
			ExecutionOrderSort (0ms)
			DisableScriptedObjects (0ms)
			BackupInstance (0ms)
			ReleaseScriptingObjects (0ms)
			CreateAndSetChildDomain (2ms)
		EndReloadAssembly (2086ms)
			LoadAssemblies (243ms)
			RebuildTransferFunctionScriptingTraits (0ms)
			SetupTypeCache (553ms)
			ReleaseScriptCaches (0ms)
			RebuildScriptCaches (107ms)
			SetupLoadedEditorAssemblies (1027ms)
				LogAssemblyErrors (0ms)
				InitializePlatformSupportModulesInManaged (24ms)
				SetLoadedEditorAssemblies (1ms)
				RefreshPlugins (137ms)
				BeforeProcessingInitializeOnLoad (70ms)
				ProcessInitializeOnLoadAttributes (646ms)
				ProcessInitializeOnLoadMethodAttributes (149ms)
				AfterProcessingInitializeOnLoad (0ms)
				EditorAssembliesLoaded (1ms)
			ExecutionOrderSort2 (0ms)
			AwakeInstancesAfterBackupRestoration (0ms)
Platform modules already initialized, skipping
Registering precompiled user dll's ...
Registered in 0.045901 seconds.
Begin MonoManager ReloadAssembly
Native extension for WindowsStandalone target not found
Native extension for WebGL target not found
Refreshing native plugins compatible for Editor in 1.27 ms, found 2 plugins.
Preloading 0 native plugins for Editor in 0.00 ms.
Mono: successfully reloaded assembly
- Completed reload, in  5.484 seconds
Domain Reload Profiling:
	ReloadAssembly (5487ms)
		BeginReloadAssembly (612ms)
			ExecutionOrderSort (0ms)
			DisableScriptedObjects (21ms)
			BackupInstance (0ms)
			ReleaseScriptingObjects (0ms)
			CreateAndSetChildDomain (69ms)
		EndReloadAssembly (4665ms)
			LoadAssemblies (372ms)
			RebuildTransferFunctionScriptingTraits (0ms)
			SetupTypeCache (1367ms)
			ReleaseScriptCaches (1ms)
			RebuildScriptCaches (192ms)
			SetupLoadedEditorAssemblies (2189ms)
				LogAssemblyErrors (0ms)
				InitializePlatformSupportModulesInManaged (26ms)
				SetLoadedEditorAssemblies (3ms)
				RefreshPlugins (2ms)
				BeforeProcessingInitializeOnLoad (777ms)
				ProcessInitializeOnLoadAttributes (1296ms)
				ProcessInitializeOnLoadMethodAttributes (50ms)
				AfterProcessingInitializeOnLoad (35ms)
				EditorAssembliesLoaded (1ms)
			ExecutionOrderSort2 (0ms)
			AwakeInstancesAfterBackupRestoration (30ms)
Platform modules already initialized, skipping
========================================================================
Worker process is ready to serve import requests
Launched and connected shader compiler UnityShaderCompiler.exe after 0.26 seconds
Refreshing native plugins compatible for Editor in 0.97 ms, found 2 plugins.
Preloading 0 native plugins for Editor in 0.00 ms.
Unloading 1528 Unused Serialized files (Serialized files now loaded: 0)
System memory in use before: 72.6 MB.
System memory in use after: 72.7 MB.

Unloading 16 unused Assets to reduce memory usage. Loaded Objects now: 1965.
Total: 15.152200 ms (FindLiveObjects: 0.380100 ms CreateObjectMapping: 0.247500 ms MarkObjects: 14.021200 ms  DeleteObjects: 0.499900 ms)

AssetImportParameters requested are different than current active one (requested -> active):
  custom:framework-win-MediaFoundation: 216162199b28c13a410421893ffa2e32 -> 
  custom:video-decoder-ogg-theora: a1e56fd34408186e4bbccfd4996cb3dc -> 
  custom:container-muxer-webm: aa71ff27fc2769a1b78a27578f13a17b -> 
  custom:container-demuxer-webm: 4f35f7cbe854078d1ac9338744f61a02 -> 
  custom:container-demuxer-ogg: 62fdf1f143b41e24485cea50d1cbac27 -> 
  custom:video-encoder-webm-vp8: eb34c28f22e8b96e1ab97ce403110664 -> 
  custom:video-codec-MediaFoundation-h265: 746d11721c4dcdbdad8f713fa42b33f4 -> 
  custom:video-decoder-webm-vp8: 9c59270c3fd7afecdb556c50c9e8de78 -> 
  custom:audio-decoder-ogg-vorbis: bf7c407c2cedff20999df2af8eb42d56 -> 
  custom:audio-encoder-webm-vorbis: bf7c407c2cedff20999df2af8eb42d56 -> 
========================================================================
Received Import Request.
  path: Assets/Waypoint.cs
  artifactKey: Guid(e0193f57e55beaf41994da0ac07cc67d) Importer(815301076,1909f56bfc062723c751e8b465ee728b)
Start importing Assets/Waypoint.cs using Guid(e0193f57e55beaf41994da0ac07cc67d) Importer(815301076,1909f56bfc062723c751e8b465ee728b)  -> (artifact id: '0a901f01f8445bdf251e0f0d64b3be01') in 0.881489 seconds 
========================================================================
Received Import Request.
  Time since last request: 37.129511 seconds.
  path: Assets/Waypoint.cs
  artifactKey: Guid(e0193f57e55beaf41994da0ac07cc67d) Importer(815301076,1909f56bfc062723c751e8b465ee728b)
Start importing Assets/Waypoint.cs using Guid(e0193f57e55beaf41994da0ac07cc67d) Importer(815301076,1909f56bfc062723c751e8b465ee728b)  -> (artifact id: '0ea8ca924ae42c3209bb4884d99256cb') in 0.009054 seconds 
========================================================================
Received Prepare
Registering precompiled user dll's ...
Registered in 0.007860 seconds.
Begin MonoManager ReloadAssembly
Native extension for WindowsStandalone target not found
Native extension for WebGL target not found
Refreshing native plugins compatible for Editor in 0.68 ms, found 2 plugins.
Preloading 0 native plugins for Editor in 0.00 ms.
Mono: successfully reloaded assembly
- Completed reload, in  3.119 seconds
Domain Reload Profiling:
	ReloadAssembly (3120ms)
		BeginReloadAssembly (320ms)
			ExecutionOrderSort (0ms)
			DisableScriptedObjects (17ms)
			BackupInstance (0ms)
			ReleaseScriptingObjects (0ms)
			CreateAndSetChildDomain (86ms)
		EndReloadAssembly (2580ms)
			LoadAssemblies (306ms)
			RebuildTransferFunctionScriptingTraits (0ms)
			SetupTypeCache (1016ms)
			ReleaseScriptCaches (2ms)
			RebuildScriptCaches (120ms)
			SetupLoadedEditorAssemblies (843ms)
				LogAssemblyErrors (0ms)
				InitializePlatformSupportModulesInManaged (16ms)
				SetLoadedEditorAssemblies (1ms)
				RefreshPlugins (1ms)
				BeforeProcessingInitializeOnLoad (223ms)
				ProcessInitializeOnLoadAttributes (555ms)
				ProcessInitializeOnLoadMethodAttributes (25ms)
				AfterProcessingInitializeOnLoad (22ms)
				EditorAssembliesLoaded (1ms)
			ExecutionOrderSort2 (0ms)
			AwakeInstancesAfterBackupRestoration (20ms)
Platform modules already initialized, skipping
Refreshing native plugins compatible for Editor in 0.73 ms, found 2 plugins.
Preloading 0 native plugins for Editor in 0.00 ms.
Unloading 1509 Unused Serialized files (Serialized files now loaded: 0)
System memory in use before: 71.2 MB.
System memory in use after: 71.3 MB.

Unloading 11 unused Assets to reduce memory usage. Loaded Objects now: 1968.
Total: 6.169200 ms (FindLiveObjects: 0.250600 ms CreateObjectMapping: 0.109800 ms MarkObjects: 5.745600 ms  DeleteObjects: 0.061100 ms)

AssetImportParameters requested are different than current active one (requested -> active):
  custom:framework-win-MediaFoundation: 216162199b28c13a410421893ffa2e32 -> 
  custom:video-decoder-ogg-theora: a1e56fd34408186e4bbccfd4996cb3dc -> 
  custom:container-muxer-webm: aa71ff27fc2769a1b78a27578f13a17b -> 
  custom:container-demuxer-webm: 4f35f7cbe854078d1ac9338744f61a02 -> 
  custom:container-demuxer-ogg: 62fdf1f143b41e24485cea50d1cbac27 -> 
  custom:video-encoder-webm-vp8: eb34c28f22e8b96e1ab97ce403110664 -> 
  custom:video-codec-MediaFoundation-h265: 746d11721c4dcdbdad8f713fa42b33f4 -> 
  custom:video-decoder-webm-vp8: 9c59270c3fd7afecdb556c50c9e8de78 -> 
  custom:audio-decoder-ogg-vorbis: bf7c407c2cedff20999df2af8eb42d56 -> 
  custom:audio-encoder-webm-vorbis: bf7c407c2cedff20999df2af8eb42d56 -> 
========================================================================
Received Import Request.
  Time since last request: 35.922707 seconds.
  path: Assets/Tile.prefab
  artifactKey: Guid(68aed901f38ec1445847635bb65fb5ae) Importer(815301076,1909f56bfc062723c751e8b465ee728b)
Start importing Assets/Tile.prefab using Guid(68aed901f38ec1445847635bb65fb5ae) Importer(815301076,1909f56bfc062723c751e8b465ee728b)  -> (artifact id: 'f7a11a2e5882425b2e0f9dc30e0b2e3a') in 0.448166 seconds 
========================================================================
Received Import Request.
  Time since last request: 0.000558 seconds.
  path: Assets/Tile RoadCorner.prefab
  artifactKey: Guid(cfde37ea0d2e2a644bec4319af42bd5b) Importer(815301076,1909f56bfc062723c751e8b465ee728b)
Start importing Assets/Tile RoadCorner.prefab using Guid(cfde37ea0d2e2a644bec4319af42bd5b) Importer(815301076,1909f56bfc062723c751e8b465ee728b)  -> (artifact id: '282673ef1a0b398b856030aa0fb3a754') in 0.140531 seconds 
========================================================================
Received Import Request.
  Time since last request: 0.000567 seconds.
  path: Assets/Tile RoadStraightVertical.prefab
  artifactKey: Guid(e3872889d38d0d446acac73a587cdb18) Importer(815301076,1909f56bfc062723c751e8b465ee728b)
Start importing Assets/Tile RoadStraightVertical.prefab using Guid(e3872889d38d0d446acac73a587cdb18) Importer(815301076,1909f56bfc062723c751e8b465ee728b)  -> (artifact id: 'ee1d581c812d9532577fcd19fb7d4495') in 0.122325 seconds 
========================================================================
Received Import Request.
  Time since last request: 0.000597 seconds.
  path: Assets/Tile RoadCorner270.prefab
  artifactKey: Guid(bfd9e0a1edb57b74181f3711c3e4d527) Importer(815301076,1909f56bfc062723c751e8b465ee728b)
Start importing Assets/Tile RoadCorner270.prefab using Guid(bfd9e0a1edb57b74181f3711c3e4d527) Importer(815301076,1909f56bfc062723c751e8b465ee728b)  -> (artifact id: '4fc97ab3b5685037e0a96b6b905dd913') in 0.146195 seconds 
========================================================================
Received Import Request.
  Time since last request: 0.000551 seconds.
  path: Assets/Tile RoadCorner180.prefab
  artifactKey: Guid(75888b650bb1d2f48ab9d788ace01c6e) Importer(815301076,1909f56bfc062723c751e8b465ee728b)
Start importing Assets/Tile RoadCorner180.prefab using Guid(75888b650bb1d2f48ab9d788ace01c6e) Importer(815301076,1909f56bfc062723c751e8b465ee728b)  -> (artifact id: '3ad9bb858b35b8c315052da338ab70a3') in 0.137377 seconds 
========================================================================
Received Import Request.
  Time since last request: 0.000307 seconds.
  path: Assets/Tile RoadCorner90.prefab
  artifactKey: Guid(26a18096d4b44c94ca8cc9e5cd58c5ab) Importer(815301076,1909f56bfc062723c751e8b465ee728b)
Start importing Assets/Tile RoadCorner90.prefab using Guid(26a18096d4b44c94ca8cc9e5cd58c5ab) Importer(815301076,1909f56bfc062723c751e8b465ee728b)  -> (artifact id: 'a55bb273a06bb7090f0d55031fc1a05d') in 0.141285 seconds 
========================================================================
Received Import Request.
  Time since last request: 0.000498 seconds.
  path: Assets/Tile RoadStraightHorizontal.prefab
  artifactKey: Guid(aafd3d0c62e0f784c984774234334c89) Importer(815301076,1909f56bfc062723c751e8b465ee728b)
Start importing Assets/Tile RoadStraightHorizontal.prefab using Guid(aafd3d0c62e0f784c984774234334c89) Importer(815301076,1909f56bfc062723c751e8b465ee728b)  -> (artifact id: 'e6a92cb020f09e75851a196a192f35c8') in 0.177540 seconds 
========================================================================
Received Import Request.
  Time since last request: 636.389582 seconds.
  path: Assets/Waypoint.cs
  artifactKey: Guid(e0193f57e55beaf41994da0ac07cc67d) Importer(815301076,1909f56bfc062723c751e8b465ee728b)
Start importing Assets/Waypoint.cs using Guid(e0193f57e55beaf41994da0ac07cc67d) Importer(815301076,1909f56bfc062723c751e8b465ee728b)  -> (artifact id: '4463df440607428a01eb1d76c7688e0b') in 0.022856 seconds 
========================================================================
Received Import Request.
  Time since last request: 25.082881 seconds.
  path: Assets/Tower.cs
  artifactKey: Guid(09369ecd468e7864c90265f5b119d416) Importer(815301076,1909f56bfc062723c751e8b465ee728b)
Start importing Assets/Tower.cs using Guid(09369ecd468e7864c90265f5b119d416) Importer(815301076,1909f56bfc062723c751e8b465ee728b)  -> (artifact id: '2d41c75b71f2c2e63b20d501b239b63b') in 0.027708 seconds 
========================================================================
Received Import Request.
  Time since last request: 114.336351 seconds.
  path: Assets/Tower.cs
  artifactKey: Guid(09369ecd468e7864c90265f5b119d416) Importer(815301076,1909f56bfc062723c751e8b465ee728b)
Start importing Assets/Tower.cs using Guid(09369ecd468e7864c90265f5b119d416) Importer(815301076,1909f56bfc062723c751e8b465ee728b)  -> (artifact id: '500043bc17f91573690aebef095c29a5') in 0.032336 seconds 
========================================================================
Received Import Request.
  Time since last request: 39.041518 seconds.
  path: Assets/Tower.cs
  artifactKey: Guid(09369ecd468e7864c90265f5b119d416) Importer(815301076,1909f56bfc062723c751e8b465ee728b)
Start importing Assets/Tower.cs using Guid(09369ecd468e7864c90265f5b119d416) Importer(815301076,1909f56bfc062723c751e8b465ee728b)  -> (artifact id: '0c52546fb1ee2bc18a5297bdb7fbbbc4') in 0.063174 seconds 
========================================================================
Received Import Request.
  Time since last request: 5.327979 seconds.
  path: Assets/Tower.cs
  artifactKey: Guid(09369ecd468e7864c90265f5b119d416) Importer(815301076,1909f56bfc062723c751e8b465ee728b)
Start importing Assets/Tower.cs using Guid(09369ecd468e7864c90265f5b119d416) Importer(815301076,1909f56bfc062723c751e8b465ee728b)  -> (artifact id: 'cf0b28288e462c91a3060d5894062273') in 0.070789 seconds 
========================================================================
Received Prepare
Registering precompiled user dll's ...
Registered in 0.009009 seconds.
Begin MonoManager ReloadAssembly
Native extension for WindowsStandalone target not found
Native extension for WebGL target not found
Refreshing native plugins compatible for Editor in 0.67 ms, found 2 plugins.
Preloading 0 native plugins for Editor in 0.00 ms.
Mono: successfully reloaded assembly
- Completed reload, in  3.095 seconds
Domain Reload Profiling:
	ReloadAssembly (3096ms)
		BeginReloadAssembly (346ms)
			ExecutionOrderSort (0ms)
			DisableScriptedObjects (13ms)
			BackupInstance (0ms)
			ReleaseScriptingObjects (0ms)
			CreateAndSetChildDomain (90ms)
		EndReloadAssembly (2545ms)
			LoadAssemblies (325ms)
			RebuildTransferFunctionScriptingTraits (0ms)
			SetupTypeCache (876ms)
			ReleaseScriptCaches (2ms)
			RebuildScriptCaches (131ms)
			SetupLoadedEditorAssemblies (937ms)
				LogAssemblyErrors (0ms)
				InitializePlatformSupportModulesInManaged (18ms)
				SetLoadedEditorAssemblies (2ms)
				RefreshPlugins (1ms)
				BeforeProcessingInitializeOnLoad (250ms)
				ProcessInitializeOnLoadAttributes (621ms)
				ProcessInitializeOnLoadMethodAttributes (24ms)
				AfterProcessingInitializeOnLoad (21ms)
				EditorAssembliesLoaded (1ms)
			ExecutionOrderSort2 (0ms)
			AwakeInstancesAfterBackupRestoration (19ms)
Platform modules already initialized, skipping
Refreshing native plugins compatible for Editor in 0.62 ms, found 2 plugins.
Preloading 0 native plugins for Editor in 0.00 ms.
Unloading 1509 Unused Serialized files (Serialized files now loaded: 0)
System memory in use before: 74.3 MB.
System memory in use after: 74.4 MB.

Unloading 11 unused Assets to reduce memory usage. Loaded Objects now: 1978.
Total: 10.593100 ms (FindLiveObjects: 0.291200 ms CreateObjectMapping: 0.140300 ms MarkObjects: 10.011300 ms  DeleteObjects: 0.146400 ms)

AssetImportParameters requested are different than current active one (requested -> active):
  custom:framework-win-MediaFoundation: 216162199b28c13a410421893ffa2e32 -> 
  custom:video-decoder-ogg-theora: a1e56fd34408186e4bbccfd4996cb3dc -> 
  custom:container-muxer-webm: aa71ff27fc2769a1b78a27578f13a17b -> 
  custom:container-demuxer-webm: 4f35f7cbe854078d1ac9338744f61a02 -> 
  custom:container-demuxer-ogg: 62fdf1f143b41e24485cea50d1cbac27 -> 
  custom:video-encoder-webm-vp8: eb34c28f22e8b96e1ab97ce403110664 -> 
  custom:video-codec-MediaFoundation-h265: 746d11721c4dcdbdad8f713fa42b33f4 -> 
  custom:video-decoder-webm-vp8: 9c59270c3fd7afecdb556c50c9e8de78 -> 
  custom:audio-decoder-ogg-vorbis: bf7c407c2cedff20999df2af8eb42d56 -> 
  custom:audio-encoder-webm-vorbis: bf7c407c2cedff20999df2af8eb42d56 -> 
========================================================================
Received Import Request.
  Time since last request: 197.693237 seconds.
  path: Assets/Tile RoadCorner.prefab
  artifactKey: Guid(cfde37ea0d2e2a644bec4319af42bd5b) Importer(815301076,1909f56bfc062723c751e8b465ee728b)
Start importing Assets/Tile RoadCorner.prefab using Guid(cfde37ea0d2e2a644bec4319af42bd5b) Importer(815301076,1909f56bfc062723c751e8b465ee728b)  -> (artifact id: '2395c46b419e3b80daeb03ab3173318a') in 0.495453 seconds 
========================================================================
Received Import Request.
  Time since last request: 0.000511 seconds.
  path: Assets/Tile.prefab
  artifactKey: Guid(68aed901f38ec1445847635bb65fb5ae) Importer(815301076,1909f56bfc062723c751e8b465ee728b)
Start importing Assets/Tile.prefab using Guid(68aed901f38ec1445847635bb65fb5ae) Importer(815301076,1909f56bfc062723c751e8b465ee728b)  -> (artifact id: 'cec62870e3b280b4f1db489ba48a11c5') in 0.135647 seconds 
========================================================================
Received Import Request.
  Time since last request: 0.000714 seconds.
  path: Assets/Tile RoadStraightVertical.prefab
  artifactKey: Guid(e3872889d38d0d446acac73a587cdb18) Importer(815301076,1909f56bfc062723c751e8b465ee728b)
Start importing Assets/Tile RoadStraightVertical.prefab using Guid(e3872889d38d0d446acac73a587cdb18) Importer(815301076,1909f56bfc062723c751e8b465ee728b)  -> (artifact id: '2d20ca13a29b3b739d5098860aa84b1c') in 0.163136 seconds 
========================================================================
Received Import Request.
  Time since last request: 0.000433 seconds.
  path: Assets/Tile RoadCorner270.prefab
  artifactKey: Guid(bfd9e0a1edb57b74181f3711c3e4d527) Importer(815301076,1909f56bfc062723c751e8b465ee728b)
Start importing Assets/Tile RoadCorner270.prefab using Guid(bfd9e0a1edb57b74181f3711c3e4d527) Importer(815301076,1909f56bfc062723c751e8b465ee728b)  -> (artifact id: 'b2311f4c7d29e5f3a3de6ef9e04d7ff0') in 0.128626 seconds 
========================================================================
Received Import Request.
  Time since last request: 0.000397 seconds.
  path: Assets/Tile RoadCorner180.prefab
  artifactKey: Guid(75888b650bb1d2f48ab9d788ace01c6e) Importer(815301076,1909f56bfc062723c751e8b465ee728b)
Start importing Assets/Tile RoadCorner180.prefab using Guid(75888b650bb1d2f48ab9d788ace01c6e) Importer(815301076,1909f56bfc062723c751e8b465ee728b)  -> (artifact id: '294d16a9109814c17cf75a53b98e54db') in 0.128174 seconds 
========================================================================
Received Import Request.
  Time since last request: 0.000474 seconds.
  path: Assets/Tile RoadCorner90.prefab
  artifactKey: Guid(26a18096d4b44c94ca8cc9e5cd58c5ab) Importer(815301076,1909f56bfc062723c751e8b465ee728b)
Start importing Assets/Tile RoadCorner90.prefab using Guid(26a18096d4b44c94ca8cc9e5cd58c5ab) Importer(815301076,1909f56bfc062723c751e8b465ee728b)  -> (artifact id: 'dec09a7590cc2da8848becc6f711e91c') in 0.158844 seconds 
========================================================================
Received Import Request.
  Time since last request: 0.000800 seconds.
  path: Assets/Tile RoadStraightHorizontal.prefab
  artifactKey: Guid(aafd3d0c62e0f784c984774234334c89) Importer(815301076,1909f56bfc062723c751e8b465ee728b)
Start importing Assets/Tile RoadStraightHorizontal.prefab using Guid(aafd3d0c62e0f784c984774234334c89) Importer(815301076,1909f56bfc062723c751e8b465ee728b)  -> (artifact id: '8b8839245be2d518e9d413c5ed944a11') in 0.155293 seconds 
========================================================================
Received Prepare
Registering precompiled user dll's ...
Registered in 0.021931 seconds.
Begin MonoManager ReloadAssembly
Native extension for WindowsStandalone target not found
Native extension for WebGL target not found
Refreshing native plugins compatible for Editor in 0.63 ms, found 2 plugins.
Preloading 0 native plugins for Editor in 0.00 ms.
Mono: successfully reloaded assembly
- Completed reload, in  4.464 seconds
Domain Reload Profiling:
	ReloadAssembly (4465ms)
		BeginReloadAssembly (339ms)
			ExecutionOrderSort (0ms)
			DisableScriptedObjects (14ms)
			BackupInstance (0ms)
			ReleaseScriptingObjects (1ms)
			CreateAndSetChildDomain (97ms)
		EndReloadAssembly (3875ms)
			LoadAssemblies (318ms)
			RebuildTransferFunctionScriptingTraits (0ms)
			SetupTypeCache (1562ms)
			ReleaseScriptCaches (1ms)
			RebuildScriptCaches (143ms)
			SetupLoadedEditorAssemblies (1434ms)
				LogAssemblyErrors (0ms)
				InitializePlatformSupportModulesInManaged (36ms)
				SetLoadedEditorAssemblies (2ms)
				RefreshPlugins (1ms)
				BeforeProcessingInitializeOnLoad (335ms)
				ProcessInitializeOnLoadAttributes (995ms)
				ProcessInitializeOnLoadMethodAttributes (26ms)
				AfterProcessingInitializeOnLoad (39ms)
				EditorAssembliesLoaded (2ms)
			ExecutionOrderSort2 (0ms)
			AwakeInstancesAfterBackupRestoration (55ms)
Platform modules already initialized, skipping
Refreshing native plugins compatible for Editor in 1.10 ms, found 2 plugins.
Preloading 0 native plugins for Editor in 0.00 ms.
Unloading 1509 Unused Serialized files (Serialized files now loaded: 0)
System memory in use before: 74.4 MB.
System memory in use after: 74.5 MB.

Unloading 11 unused Assets to reduce memory usage. Loaded Objects now: 1982.
Total: 65.608400 ms (FindLiveObjects: 0.345300 ms CreateObjectMapping: 0.248000 ms MarkObjects: 64.909800 ms  DeleteObjects: 0.102500 ms)

AssetImportParameters requested are different than current active one (requested -> active):
  custom:framework-win-MediaFoundation: 216162199b28c13a410421893ffa2e32 -> 
  custom:video-decoder-ogg-theora: a1e56fd34408186e4bbccfd4996cb3dc -> 
  custom:container-muxer-webm: aa71ff27fc2769a1b78a27578f13a17b -> 
  custom:container-demuxer-webm: 4f35f7cbe854078d1ac9338744f61a02 -> 
  custom:container-demuxer-ogg: 62fdf1f143b41e24485cea50d1cbac27 -> 
  custom:video-encoder-webm-vp8: eb34c28f22e8b96e1ab97ce403110664 -> 
  custom:video-codec-MediaFoundation-h265: 746d11721c4dcdbdad8f713fa42b33f4 -> 
  custom:video-decoder-webm-vp8: 9c59270c3fd7afecdb556c50c9e8de78 -> 
  custom:audio-decoder-ogg-vorbis: bf7c407c2cedff20999df2af8eb42d56 -> 
  custom:audio-encoder-webm-vorbis: bf7c407c2cedff20999df2af8eb42d56 -> 
========================================================================
Received Prepare
Registering precompiled user dll's ...
Registered in 0.031908 seconds.
Begin MonoManager ReloadAssembly
Native extension for WindowsStandalone target not found
Native extension for WebGL target not found
Refreshing native plugins compatible for Editor in 0.87 ms, found 2 plugins.
Preloading 0 native plugins for Editor in 0.00 ms.
Mono: successfully reloaded assembly
- Completed reload, in  4.117 seconds
Domain Reload Profiling:
	ReloadAssembly (4118ms)
		BeginReloadAssembly (391ms)
			ExecutionOrderSort (0ms)
			DisableScriptedObjects (13ms)
			BackupInstance (0ms)
			ReleaseScriptingObjects (0ms)
			CreateAndSetChildDomain (102ms)
		EndReloadAssembly (3495ms)
			LoadAssemblies (350ms)
			RebuildTransferFunctionScriptingTraits (0ms)
			SetupTypeCache (1067ms)
			ReleaseScriptCaches (2ms)
			RebuildScriptCaches (160ms)
			SetupLoadedEditorAssemblies (1296ms)
				LogAssemblyErrors (0ms)
				InitializePlatformSupportModulesInManaged (28ms)
				SetLoadedEditorAssemblies (2ms)
				RefreshPlugins (1ms)
				BeforeProcessingInitializeOnLoad (363ms)
				ProcessInitializeOnLoadAttributes (829ms)
				ProcessInitializeOnLoadMethodAttributes (39ms)
				AfterProcessingInitializeOnLoad (32ms)
				EditorAssembliesLoaded (1ms)
			ExecutionOrderSort2 (0ms)
			AwakeInstancesAfterBackupRestoration (29ms)
Platform modules already initialized, skipping
Refreshing native plugins compatible for Editor in 0.72 ms, found 2 plugins.
Preloading 0 native plugins for Editor in 0.00 ms.
Unloading 1509 Unused Serialized files (Serialized files now loaded: 0)
System memory in use before: 74.4 MB.
System memory in use after: 74.5 MB.

Unloading 11 unused Assets to reduce memory usage. Loaded Objects now: 1985.
Total: 6.112900 ms (FindLiveObjects: 0.265600 ms CreateObjectMapping: 0.114500 ms MarkObjects: 5.681000 ms  DeleteObjects: 0.049200 ms)

AssetImportParameters requested are different than current active one (requested -> active):
  custom:framework-win-MediaFoundation: 216162199b28c13a410421893ffa2e32 -> 
  custom:video-decoder-ogg-theora: a1e56fd34408186e4bbccfd4996cb3dc -> 
  custom:container-muxer-webm: aa71ff27fc2769a1b78a27578f13a17b -> 
  custom:container-demuxer-webm: 4f35f7cbe854078d1ac9338744f61a02 -> 
  custom:container-demuxer-ogg: 62fdf1f143b41e24485cea50d1cbac27 -> 
  custom:video-encoder-webm-vp8: eb34c28f22e8b96e1ab97ce403110664 -> 
  custom:video-codec-MediaFoundation-h265: 746d11721c4dcdbdad8f713fa42b33f4 -> 
  custom:video-decoder-webm-vp8: 9c59270c3fd7afecdb556c50c9e8de78 -> 
  custom:audio-decoder-ogg-vorbis: bf7c407c2cedff20999df2af8eb42d56 -> 
  custom:audio-encoder-webm-vorbis: bf7c407c2cedff20999df2af8eb42d56 -> 
========================================================================
Received Prepare
Registering precompiled user dll's ...
Registered in 0.008420 seconds.
Begin MonoManager ReloadAssembly
Native extension for WindowsStandalone target not found
Native extension for WebGL target not found
Refreshing native plugins compatible for Editor in 0.72 ms, found 2 plugins.
Preloading 0 native plugins for Editor in 0.00 ms.
Mono: successfully reloaded assembly
- Completed reload, in  4.853 seconds
Domain Reload Profiling:
	ReloadAssembly (4854ms)
		BeginReloadAssembly (445ms)
			ExecutionOrderSort (0ms)
			DisableScriptedObjects (25ms)
			BackupInstance (0ms)
			ReleaseScriptingObjects (0ms)
			CreateAndSetChildDomain (110ms)
		EndReloadAssembly (4052ms)
			LoadAssemblies (560ms)
			RebuildTransferFunctionScriptingTraits (0ms)
			SetupTypeCache (1280ms)
			ReleaseScriptCaches (2ms)
			RebuildScriptCaches (147ms)
			SetupLoadedEditorAssemblies (1550ms)
				LogAssemblyErrors (0ms)
				InitializePlatformSupportModulesInManaged (27ms)
				SetLoadedEditorAssemblies (1ms)
				RefreshPlugins (1ms)
				BeforeProcessingInitializeOnLoad (268ms)
				ProcessInitializeOnLoadAttributes (1166ms)
				ProcessInitializeOnLoadMethodAttributes (49ms)
				AfterProcessingInitializeOnLoad (37ms)
				EditorAssembliesLoaded (1ms)
			ExecutionOrderSort2 (0ms)
			AwakeInstancesAfterBackupRestoration (30ms)
Platform modules already initialized, skipping
Refreshing native plugins compatible for Editor in 0.70 ms, found 2 plugins.
Preloading 0 native plugins for Editor in 0.00 ms.
Unloading 1509 Unused Serialized files (Serialized files now loaded: 0)
System memory in use before: 74.4 MB.
System memory in use after: 74.5 MB.

Unloading 11 unused Assets to reduce memory usage. Loaded Objects now: 1988.
Total: 11.743400 ms (FindLiveObjects: 0.814300 ms CreateObjectMapping: 0.473200 ms MarkObjects: 10.401900 ms  DeleteObjects: 0.051700 ms)

AssetImportParameters requested are different than current active one (requested -> active):
  custom:framework-win-MediaFoundation: 216162199b28c13a410421893ffa2e32 -> 
  custom:video-decoder-ogg-theora: a1e56fd34408186e4bbccfd4996cb3dc -> 
  custom:container-muxer-webm: aa71ff27fc2769a1b78a27578f13a17b -> 
  custom:container-demuxer-webm: 4f35f7cbe854078d1ac9338744f61a02 -> 
  custom:container-demuxer-ogg: 62fdf1f143b41e24485cea50d1cbac27 -> 
  custom:video-encoder-webm-vp8: eb34c28f22e8b96e1ab97ce403110664 -> 
  custom:video-codec-MediaFoundation-h265: 746d11721c4dcdbdad8f713fa42b33f4 -> 
  custom:video-decoder-webm-vp8: 9c59270c3fd7afecdb556c50c9e8de78 -> 
  custom:audio-decoder-ogg-vorbis: bf7c407c2cedff20999df2af8eb42d56 -> 
  custom:audio-encoder-webm-vorbis: bf7c407c2cedff20999df2af8eb42d56 -> 
========================================================================
Received Prepare
Registering precompiled user dll's ...
Registered in 0.100935 seconds.
Begin MonoManager ReloadAssembly
Native extension for WindowsStandalone target not found
Native extension for WebGL target not found
Refreshing native plugins compatible for Editor in 2.16 ms, found 2 plugins.
Preloading 0 native plugins for Editor in 0.00 ms.
Mono: successfully reloaded assembly
- Completed reload, in  5.307 seconds
Domain Reload Profiling:
	ReloadAssembly (5308ms)
		BeginReloadAssembly (851ms)
			ExecutionOrderSort (0ms)
			DisableScriptedObjects (16ms)
			BackupInstance (0ms)
			ReleaseScriptingObjects (0ms)
			CreateAndSetChildDomain (118ms)
		EndReloadAssembly (4172ms)
			LoadAssemblies (933ms)
			RebuildTransferFunctionScriptingTraits (0ms)
			SetupTypeCache (1701ms)
			ReleaseScriptCaches (2ms)
			RebuildScriptCaches (201ms)
			SetupLoadedEditorAssemblies (1272ms)
				LogAssemblyErrors (0ms)
				InitializePlatformSupportModulesInManaged (32ms)
				SetLoadedEditorAssemblies (4ms)
				RefreshPlugins (2ms)
				BeforeProcessingInitializeOnLoad (335ms)
				ProcessInitializeOnLoadAttributes (825ms)
				ProcessInitializeOnLoadMethodAttributes (41ms)
				AfterProcessingInitializeOnLoad (33ms)
				EditorAssembliesLoaded (1ms)
			ExecutionOrderSort2 (0ms)
			AwakeInstancesAfterBackupRestoration (30ms)
Platform modules already initialized, skipping
Refreshing native plugins compatible for Editor in 0.91 ms, found 2 plugins.
Preloading 0 native plugins for Editor in 0.00 ms.
Unloading 1509 Unused Serialized files (Serialized files now loaded: 0)
System memory in use before: 74.4 MB.
System memory in use after: 74.5 MB.

Unloading 11 unused Assets to reduce memory usage. Loaded Objects now: 1991.
Total: 7.418100 ms (FindLiveObjects: 0.280700 ms CreateObjectMapping: 0.177800 ms MarkObjects: 6.883000 ms  DeleteObjects: 0.074300 ms)

AssetImportParameters requested are different than current active one (requested -> active):
  custom:framework-win-MediaFoundation: 216162199b28c13a410421893ffa2e32 -> 
  custom:video-decoder-ogg-theora: a1e56fd34408186e4bbccfd4996cb3dc -> 
  custom:container-muxer-webm: aa71ff27fc2769a1b78a27578f13a17b -> 
  custom:container-demuxer-webm: 4f35f7cbe854078d1ac9338744f61a02 -> 
  custom:container-demuxer-ogg: 62fdf1f143b41e24485cea50d1cbac27 -> 
  custom:video-encoder-webm-vp8: eb34c28f22e8b96e1ab97ce403110664 -> 
  custom:video-codec-MediaFoundation-h265: 746d11721c4dcdbdad8f713fa42b33f4 -> 
  custom:video-decoder-webm-vp8: 9c59270c3fd7afecdb556c50c9e8de78 -> 
  custom:audio-decoder-ogg-vorbis: bf7c407c2cedff20999df2af8eb42d56 -> 
  custom:audio-encoder-webm-vorbis: bf7c407c2cedff20999df2af8eb42d56 -> 
========================================================================
Received Import Request.
  Time since last request: 1730.237360 seconds.
  path: Assets/Tile RoadCorner.prefab
  artifactKey: Guid(cfde37ea0d2e2a644bec4319af42bd5b) Importer(815301076,1909f56bfc062723c751e8b465ee728b)
Start importing Assets/Tile RoadCorner.prefab using Guid(cfde37ea0d2e2a644bec4319af42bd5b) Importer(815301076,1909f56bfc062723c751e8b465ee728b)  -> (artifact id: '90f66063670406e28c3cfa5925ace143') in 0.786477 seconds 
========================================================================
Received Import Request.
  Time since last request: 0.000830 seconds.
  path: Assets/Tile.prefab
  artifactKey: Guid(68aed901f38ec1445847635bb65fb5ae) Importer(815301076,1909f56bfc062723c751e8b465ee728b)
Start importing Assets/Tile.prefab using Guid(68aed901f38ec1445847635bb65fb5ae) Importer(815301076,1909f56bfc062723c751e8b465ee728b)  -> (artifact id: '4c345f555143f34d240ab2a708a2fe0d') in 0.196913 seconds 
========================================================================
Received Import Request.
  Time since last request: 0.000411 seconds.
  path: Assets/Tile RoadStraightVertical.prefab
  artifactKey: Guid(e3872889d38d0d446acac73a587cdb18) Importer(815301076,1909f56bfc062723c751e8b465ee728b)
Start importing Assets/Tile RoadStraightVertical.prefab using Guid(e3872889d38d0d446acac73a587cdb18) Importer(815301076,1909f56bfc062723c751e8b465ee728b)  -> (artifact id: '48c3422989d50b6ebbe23b436e61b680') in 0.195055 seconds 
========================================================================
Received Import Request.
  Time since last request: 0.000548 seconds.
  path: Assets/Tile RoadCorner270.prefab
  artifactKey: Guid(bfd9e0a1edb57b74181f3711c3e4d527) Importer(815301076,1909f56bfc062723c751e8b465ee728b)
Start importing Assets/Tile RoadCorner270.prefab using Guid(bfd9e0a1edb57b74181f3711c3e4d527) Importer(815301076,1909f56bfc062723c751e8b465ee728b)  -> (artifact id: '646d42839b8a28cdaedfb5cc775c0e98') in 0.198174 seconds 
========================================================================
Received Import Request.
  Time since last request: 0.000414 seconds.
  path: Assets/Tile RoadCorner180.prefab
  artifactKey: Guid(75888b650bb1d2f48ab9d788ace01c6e) Importer(815301076,1909f56bfc062723c751e8b465ee728b)
Start importing Assets/Tile RoadCorner180.prefab using Guid(75888b650bb1d2f48ab9d788ace01c6e) Importer(815301076,1909f56bfc062723c751e8b465ee728b)  -> (artifact id: 'c4b8045270e28a82e9c62b6233f6dd91') in 0.315205 seconds 
========================================================================
Received Import Request.
  Time since last request: 0.000462 seconds.
  path: Assets/Tile RoadCorner90.prefab
  artifactKey: Guid(26a18096d4b44c94ca8cc9e5cd58c5ab) Importer(815301076,1909f56bfc062723c751e8b465ee728b)
Start importing Assets/Tile RoadCorner90.prefab using Guid(26a18096d4b44c94ca8cc9e5cd58c5ab) Importer(815301076,1909f56bfc062723c751e8b465ee728b)  -> (artifact id: 'e086879d88807abe870e24b6e79526cb') in 0.230053 seconds 
========================================================================
Received Import Request.
  Time since last request: 0.000405 seconds.
  path: Assets/Tile RoadStraightHorizontal.prefab
  artifactKey: Guid(aafd3d0c62e0f784c984774234334c89) Importer(815301076,1909f56bfc062723c751e8b465ee728b)
Start importing Assets/Tile RoadStraightHorizontal.prefab using Guid(aafd3d0c62e0f784c984774234334c89) Importer(815301076,1909f56bfc062723c751e8b465ee728b)  -> (artifact id: '84770aadd402513a4251727ba1f9c498') in 0.296208 seconds 
AssetImportWorkerClient::OnTransportError - code=2 error=End of file
